2026-04-09T12:34:55+08:00 [INFO]  === Step 1/6: Resolving target host ===
2026-04-09T12:34:55+08:00 [DEBUG] HOST=user@10.90.68.188
2026-04-09T12:34:55+08:00 [VERBOSE] execute_cmd: ssh -i ~/.ssh/get_log user@10.90.68.188 'hostname'
2026-04-09T12:34:56+08:00 [INFO]  === Step 2/6: Validating time range ===
2026-04-09T12:34:56+08:00 [DEBUG] START=260101-0000 END=260101-2359
2026-04-09T12:34:57+08:00 [INFO]  === Step 3/6: Establishing SSH connection ===
2026-04-09T12:34:58+08:00 [WARN]  SSH key not found, generating new key at ~/.ssh/get_log
2026-04-09T12:34:59+08:00 [INFO]  === Step 4/6: Creating remote staging folder ===
2026-04-09T12:35:00+08:00 [DEBUG] SAVE_FOLDER=/tmp/pack_log_amr01_260409-123500
2026-04-09T12:35:01+08:00 [INFO]  === Step 5/6: Collecting log files ===
2026-04-09T12:35:02+08:00 [VERBOSE] Scanning path: /var/log/corerobot
2026-04-09T12:35:03+08:00 [DEBUG] Found 42 candidate files
2026-04-09T12:35:04+08:00 [INFO]  Copied 42 files to staging folder
2026-04-09T12:35:05+08:00 [WARN]  File /var/log/corerobot/big.log exceeds 100MB warn threshold
2026-04-09T12:35:06+08:00 [INFO]  === Step 6/6: Transferring files back to local ===
2026-04-09T12:35:07+08:00 [VERBOSE] rsync -avz user@10.90.68.188:/tmp/pack_log_... ./
2026-04-09T12:35:10+08:00 [WARN]  Transfer retry 1/3
2026-04-09T12:35:14+08:00 [WARN]  Transfer retry 2/3
2026-04-09T12:35:18+08:00 [INFO]  Transfer completed (45.2 MB in 11s)
2026-04-09T12:35:19+08:00 [DEBUG] Archiving SAVE_FOLDER to tar.gz
2026-04-09T12:35:22+08:00 [ERROR] tar: failed to write archive: No space left on device
2026-04-09T12:35:23+08:00 [WARN]  Removing partial archive
2026-04-09T12:35:24+08:00 [INFO]  Retrying archive after cleanup
2026-04-09T12:35:30+08:00 [INFO]  Packaging log completed successfully.
